<?xml version="1.0" encoding="UTF-8"?>
<!-- Generated by org.testng.reporters.JUnitXMLReporter -->
<testsuite ignored="0" hostname="user-PC" failures="10" tests="38" name="EmployeesRestAPITest" time="33.552" errors="0" timestamp="15 Aug 2022 15:00:58 GMT">
  <testcase classname="PageObject.TC001_GET_All_Employees" name="checkContentEncoding" time="0.012"/>
  <testcase classname="PageObject.TC001_GET_All_Employees" name="checkContentLength" time="0.004">
    <failure type="java.lang.NumberFormatException" message="Cannot parse null string">
      <![CDATA[java.lang.NumberFormatException: Cannot parse null string
at java.base/java.lang.Integer.parseInt(Integer.java:630)
at java.base/java.lang.Integer.parseInt(Integer.java:784)
at PageObject.TC001_GET_All_Employees.checkContentLength(TC001_GET_All_Employees.java:88)
... Removed 23 stack frames]]>
    </failure>
  </testcase> <!-- checkContentLength -->
  <testcase classname="PageObject.TC001_GET_All_Employees" name="checkContentType" time="0.006"/>
  <testcase classname="PageObject.TC001_GET_All_Employees" name="checkCookies" time="0.004"/>
  <testcase classname="PageObject.TC001_GET_All_Employees" name="checkResponseBody" time="0.06"/>
  <testcase classname="PageObject.TC001_GET_All_Employees" name="checkResponseTime" time="0.008">
    <failure type="java.lang.AssertionError" message="expected [true] but found [false]">
      <![CDATA[java.lang.AssertionError: expected [true] but found [false]
at PageObject.TC001_GET_All_Employees.checkResponseTime(TC001_GET_All_Employees.java:58)
... Removed 27 stack frames]]>
    </failure>
  </testcase> <!-- checkResponseTime -->
  <testcase classname="PageObject.TC001_GET_All_Employees" name="checkServerType" time="0.004"/>
  <testcase classname="PageObject.TC001_GET_All_Employees" name="checkStatusCode" time="0.004"/>
  <testcase classname="PageObject.TC001_GET_All_Employees" name="checkStatusLine" time="0.003"/>
  <testcase classname="PageObject.TC002_GET_Single_Employee" name="checkContentEncoding" time="0.007"/>
  <testcase classname="PageObject.TC002_GET_Single_Employee" name="checkContentLength" time="0.008">
    <failure type="java.lang.NumberFormatException" message="Cannot parse null string">
      <![CDATA[java.lang.NumberFormatException: Cannot parse null string
at java.base/java.lang.Integer.parseInt(Integer.java:630)
at java.base/java.lang.Integer.parseInt(Integer.java:784)
at PageObject.TC002_GET_Single_Employee.checkContentLength(TC002_GET_Single_Employee.java:88)
... Removed 23 stack frames]]>
    </failure>
  </testcase> <!-- checkContentLength -->
  <testcase classname="PageObject.TC002_GET_Single_Employee" name="checkContentType" time="0.007"/>
  <testcase classname="PageObject.TC002_GET_Single_Employee" name="checkResponseBody" time="0.009"/>
  <testcase classname="PageObject.TC002_GET_Single_Employee" name="checkResponseTime" time="0.009"/>
  <testcase classname="PageObject.TC002_GET_Single_Employee" name="checkServerType" time="0.007"/>
  <testcase classname="PageObject.TC002_GET_Single_Employee" name="checkStatusCode" time="0.012"/>
  <testcase classname="PageObject.TC002_GET_Single_Employee" name="checkStatusLine" time="0.006"/>
  <testcase classname="PageObject.TC003_POST_Employee_Record" name="checkContentEncoding" time="0.006">
    <failure type="java.lang.AssertionError" message="expected [gzip] but found [null]">
      <![CDATA[java.lang.AssertionError: expected [gzip] but found [null]
at PageObject.TC003_POST_Employee_Record.checkContentEncoding(TC003_POST_Employee_Record.java:128)
... Removed 29 stack frames]]>
    </failure>
  </testcase> <!-- checkContentEncoding -->
  <testcase classname="PageObject.TC003_POST_Employee_Record" name="checkContentType" time="0.007"/>
  <testcase classname="PageObject.TC003_POST_Employee_Record" name="checkResponseBody" time="0.009"/>
  <testcase classname="PageObject.TC003_POST_Employee_Record" name="checkResponseTime" time="0.01"/>
  <testcase classname="PageObject.TC003_POST_Employee_Record" name="checkServerType" time="0.006"/>
  <testcase classname="PageObject.TC003_POST_Employee_Record" name="checkStatusCode" time="0.011"/>
  <testcase classname="PageObject.TC003_POST_Employee_Record" name="checkStatusLine" time="0.014"/>
  <testcase classname="PageObject.TC004_PUT_Update_Record" name="checkContentEncoding" time="0.005"/>
  <testcase classname="PageObject.TC004_PUT_Update_Record" name="checkContentType" time="0.006">
    <failure type="java.lang.AssertionError" message="expected [application/json] but found [text/html; charset=UTF-8]">
      <![CDATA[java.lang.AssertionError: expected [application/json] but found [text/html; charset=UTF-8]
at PageObject.TC004_PUT_Update_Record.checkContentType(TC004_PUT_Update_Record.java:106)
... Removed 29 stack frames]]>
    </failure>
  </testcase> <!-- checkContentType -->
  <testcase classname="PageObject.TC004_PUT_Update_Record" name="checkResponseBody" time="0.007">
    <failure type="java.lang.AssertionError" message="expected [true] but found [false]">
      <![CDATA[java.lang.AssertionError: expected [true] but found [false]
at PageObject.TC004_PUT_Update_Record.checkResponseBody(TC004_PUT_Update_Record.java:62)
... Removed 29 stack frames]]>
    </failure>
  </testcase> <!-- checkResponseBody -->
  <testcase classname="PageObject.TC004_PUT_Update_Record" name="checkResponseTime" time="0.006"/>
  <testcase classname="PageObject.TC004_PUT_Update_Record" name="checkServerType" time="0.004"/>
  <testcase classname="PageObject.TC004_PUT_Update_Record" name="checkStatusCode" time="0.007">
    <failure type="java.lang.AssertionError" message="expected [200] but found [429]">
      <![CDATA[java.lang.AssertionError: expected [200] but found [429]
at PageObject.TC004_PUT_Update_Record.checkStatusCode(TC004_PUT_Update_Record.java:76)
... Removed 29 stack frames]]>
    </failure>
  </testcase> <!-- checkStatusCode -->
  <testcase classname="PageObject.TC004_PUT_Update_Record" name="checkStatusLine" time="0.016">
    <failure type="java.lang.AssertionError" message="expected [HTTP/1.1 200 OK] but found [HTTP/1.1 429 Too Many Requests]">
      <![CDATA[java.lang.AssertionError: expected [HTTP/1.1 200 OK] but found [HTTP/1.1 429 Too Many Requests]
at PageObject.TC004_PUT_Update_Record.checkStatusLine(TC004_PUT_Update_Record.java:96)
... Removed 29 stack frames]]>
    </failure>
  </testcase> <!-- checkStatusLine -->
  <testcase classname="PageObject.TC005_Delete_Record" name="checkContentEncoding" time="0.003"/>
  <testcase classname="PageObject.TC005_Delete_Record" name="checkContentType" time="0.004"/>
  <testcase classname="PageObject.TC005_Delete_Record" name="checkResponseBody" time="0.009">
    <failure type="java.lang.AssertionError" message="expected [true] but found [false]">
      <![CDATA[java.lang.AssertionError: expected [true] but found [false]
at PageObject.TC005_Delete_Record.checkResponseBody(TC005_Delete_Record.java:54)
... Removed 29 stack frames]]>
    </failure>
  </testcase> <!-- checkResponseBody -->
  <testcase classname="PageObject.TC005_Delete_Record" name="checkResponseTime" time="0.003"/>
  <testcase classname="PageObject.TC005_Delete_Record" name="checkServerType" time="0.01"/>
  <testcase classname="PageObject.TC005_Delete_Record" name="checkStatusCode" time="0.006">
    <failure type="java.lang.AssertionError" message="expected [200] but found [429]">
      <![CDATA[java.lang.AssertionError: expected [200] but found [429]
at PageObject.TC005_Delete_Record.checkStatusCode(TC005_Delete_Record.java:65)
... Removed 29 stack frames]]>
    </failure>
  </testcase> <!-- checkStatusCode -->
  <testcase classname="PageObject.TC005_Delete_Record" name="checkStatusLine" time="0.006"/>
</testsuite> <!-- EmployeesRestAPITest -->
